<?xml version="1.0" encoding="UTF-8"?>
<!-- Generated by org.testng.reporters.JUnitReportReporter -->
<testsuite hostname="Shihab" name="test.LoginTest" tests="1" failures="0" timestamp="19 Feb 2023 18:32:58 GMT" time="23.115" errors="0">
  <testcase name="validUserShouldBeAbleToLogin" time="23.115" classname="test.LoginTest"/>
</testsuite> <!-- test.LoginTest -->
