<?xml version="1.0" encoding="UTF-8"?>
<!-- Generated by org.testng.reporters.JUnitReportReporter -->
<testsuite hostname="Shihab" name="test.AddCustomerTest" tests="1" failures="0" timestamp="19 Feb 2023 20:09:47 GMT" time="7.578" errors="0">
  <testcase name="userShouldBeAbleToAddCustomer" time="7.578" classname="test.AddCustomerTest"/>
</testsuite> <!-- test.AddCustomerTest -->
